Build started 5/1/2012 3:37:09 PM.
     1>Project "C:\Users\karpinsn\Workspace\Nimbus\imagePacker\ImagePacker.vcxproj" on node 2 (build target(s)).
     1>InitializeBuildStatus:
         Creating "Debug\ImagePacker.unsuccessfulbuild" because "AlwaysCreate" was specified.
       ClCompile:
         c:\Program Files (x86)\Microsoft Visual Studio 10.0\VC\bin\CL.exe /c /IC:\OpenCV2.2\include\opencv /IC:\OpenCV2.2\include\ /ZI /nologo /W3 /WX- /Od /Oy- /D WIN32 /D _DEBUG /D _CONSOLE /D _UNICODE /D UNICODE /Gm /EHsc /RTC1 /MDd /GS /fp:precise /Zc:wchar_t /Zc:forScope /Fo"Debug\\" /Fd"Debug\vc100.pdb" /Gd /TP /analyze- /errorReport:prompt ImagePacker.cpp
         ImagePacker.cpp
     1>c:\opencv2.2\include\opencv2\flann\logger.h(66): warning C4996: 'fopen': This function or variable may be unsafe. Consider using fopen_s instead. To disable deprecation, use _CRT_SECURE_NO_WARNINGS. See online help for details.
                 c:\program files (x86)\microsoft visual studio 10.0\vc\include\stdio.h(234) : see declaration of 'fopen'
     1>c:\users\karpinsn\workspace\nimbus\imagepacker\imagepacker.cpp(44): warning C4996: 'sprintf': This function or variable may be unsafe. Consider using sprintf_s instead. To disable deprecation, use _CRT_SECURE_NO_WARNINGS. See online help for details.
                 c:\program files (x86)\microsoft visual studio 10.0\vc\include\stdio.h(371) : see declaration of 'sprintf'
     1>c:\users\karpinsn\workspace\nimbus\imagepacker\imagepacker.cpp(51): warning C4996: 'sprintf': This function or variable may be unsafe. Consider using sprintf_s instead. To disable deprecation, use _CRT_SECURE_NO_WARNINGS. See online help for details.
                 c:\program files (x86)\microsoft visual studio 10.0\vc\include\stdio.h(371) : see declaration of 'sprintf'
       ManifestResourceCompile:
         All outputs are up-to-date.
       Link:
         c:\Program Files (x86)\Microsoft Visual Studio 10.0\VC\bin\link.exe /ERRORREPORT:PROMPT /OUT:"C:\Users\karpinsn\Workspace\Nimbus\imagePacker\Debug\ImagePacker.exe" /INCREMENTAL /NOLOGO C:\OpenCV2.2\lib\opencv_highgui220.lib C:\OpenCV2.2\lib\opencv_core220.lib kernel32.lib user32.lib gdi32.lib winspool.lib comdlg32.lib advapi32.lib shell32.lib ole32.lib oleaut32.lib uuid.lib odbc32.lib odbccp32.lib /MANIFEST /ManifestFile:"Debug\ImagePacker.exe.intermediate.manifest" /MANIFESTUAC:"level='asInvoker' uiAccess='false'" /DEBUG /PDB:"C:\Users\karpinsn\Workspace\Nimbus\imagePacker\Debug\ImagePacker.pdb" /SUBSYSTEM:CONSOLE /TLBID:1 /DYNAMICBASE /NXCOMPAT /IMPLIB:"C:\Users\karpinsn\Workspace\Nimbus\imagePacker\Debug\ImagePacker.lib" /MACHINE:X86 Debug\ImagePacker.exe.embed.manifest.res
         Debug\ImagePacker.obj
       Manifest:
         C:\Program Files (x86)\Microsoft SDKs\Windows\v7.0A\bin\mt.exe /nologo /verbose /out:"Debug\ImagePacker.exe.embed.manifest" /manifest Debug\ImagePacker.exe.intermediate.manifest
         All outputs are up-to-date.
       LinkEmbedManifest:
         All outputs are up-to-date.
         ImagePacker.vcxproj -> C:\Users\karpinsn\Workspace\Nimbus\imagePacker\Debug\ImagePacker.exe
       FinalizeBuildStatus:
         Deleting file "Debug\ImagePacker.unsuccessfulbuild".
         Touching "Debug\ImagePacker.lastbuildstate".
     1>Done Building Project "C:\Users\karpinsn\Workspace\Nimbus\imagePacker\ImagePacker.vcxproj" (build target(s)).

Build succeeded.

Time Elapsed 00:00:01.35
