Build started 5/1/2012 3:37:28 PM.
     1>Project "C:\Users\karpinsn\Workspace\Nimbus\imagePacker\ImagePacker.vcxproj" on node 2 (build target(s)).
     1>InitializeBuildStatus:
         Creating "Release\ImagePacker.unsuccessfulbuild" because "AlwaysCreate" was specified.
       ClCompile:
         c:\Program Files (x86)\Microsoft Visual Studio 10.0\VC\bin\CL.exe /c /IC:\OpenCV2.2\include\opencv /IC:\OpenCV2.2\include\ /Zi /nologo /W3 /WX- /O2 /Oi /Oy- /GL /D WIN32 /D NDEBUG /D _CONSOLE /D _UNICODE /D UNICODE /Gm- /EHsc /MD /GS /Gy /fp:precise /Zc:wchar_t /Zc:forScope /Fo"Release\\" /Fd"Release\vc100.pdb" /Gd /TP /analyze- /errorReport:prompt ImagePacker.cpp
         ImagePacker.cpp
     1>C:\OpenCV2.2\include\opencv2/flann/logger.h(66): warning C4996: 'fopen': This function or variable may be unsafe. Consider using fopen_s instead. To disable deprecation, use _CRT_SECURE_NO_WARNINGS. See online help for details.
                 c:\Program Files (x86)\Microsoft Visual Studio 10.0\VC\include\stdio.h(234) : see declaration of 'fopen'
     1>ImagePacker.cpp(44): warning C4996: 'sprintf': This function or variable may be unsafe. Consider using sprintf_s instead. To disable deprecation, use _CRT_SECURE_NO_WARNINGS. See online help for details.
                 c:\Program Files (x86)\Microsoft Visual Studio 10.0\VC\include\stdio.h(371) : see declaration of 'sprintf'
     1>ImagePacker.cpp(51): warning C4996: 'sprintf': This function or variable may be unsafe. Consider using sprintf_s instead. To disable deprecation, use _CRT_SECURE_NO_WARNINGS. See online help for details.
                 c:\Program Files (x86)\Microsoft Visual Studio 10.0\VC\include\stdio.h(371) : see declaration of 'sprintf'
       Link:
         c:\Program Files (x86)\Microsoft Visual Studio 10.0\VC\bin\link.exe /ERRORREPORT:PROMPT /OUT:"C:\Users\karpinsn\Workspace\Nimbus\imagePacker\Release\ImagePacker.exe" /INCREMENTAL:NO /NOLOGO C:\OpenCV2.2\lib\opencv_highgui220.lib C:\OpenCV2.2\lib\opencv_core220.lib kernel32.lib user32.lib gdi32.lib winspool.lib comdlg32.lib advapi32.lib shell32.lib ole32.lib oleaut32.lib uuid.lib odbc32.lib odbccp32.lib /MANIFEST /ManifestFile:"Release\ImagePacker.exe.intermediate.manifest" /MANIFESTUAC:"level='asInvoker' uiAccess='false'" /DEBUG /PDB:"C:\Users\karpinsn\Workspace\Nimbus\imagePacker\Release\ImagePacker.pdb" /SUBSYSTEM:CONSOLE /OPT:REF /OPT:ICF /LTCG /TLBID:1 /DYNAMICBASE /NXCOMPAT /IMPLIB:"C:\Users\karpinsn\Workspace\Nimbus\imagePacker\Release\ImagePacker.lib" /MACHINE:X86 Release\ImagePacker.obj
         Generating code
         Finished generating code
         ImagePacker.vcxproj -> C:\Users\karpinsn\Workspace\Nimbus\imagePacker\Release\ImagePacker.exe
       Manifest:
         C:\Program Files (x86)\Microsoft SDKs\Windows\v7.0A\bin\mt.exe /nologo /verbose /outputresource:"C:\Users\karpinsn\Workspace\Nimbus\imagePacker\Release\ImagePacker.exe;#1" /manifest Release\ImagePacker.exe.intermediate.manifest
       FinalizeBuildStatus:
         Deleting file "Release\ImagePacker.unsuccessfulbuild".
         Touching "Release\ImagePacker.lastbuildstate".
     1>Done Building Project "C:\Users\karpinsn\Workspace\Nimbus\imagePacker\ImagePacker.vcxproj" (build target(s)).

Build succeeded.

Time Elapsed 00:00:01.38
